[2025-01-06T14:13:04.937] [DEBUG] debug-file - Executing task :phone:default@CacheNativeLibs
[2025-01-06T14:13:04.938] [DEBUG] debug-file - Incremental task phone:default@CacheNativeLibs pre-execution cost: 1 ms .
[2025-01-06T14:13:04.938] [DEBUG] debug-file - phone : default@CacheNativeLibs cost memory 0.0776519775390625
[2025-01-06T14:13:04.938] [INFO] debug-file - UP-TO-DATE :phone:default@CacheNativeLibs...  
[2025-01-06T14:13:06.043] [DEBUG] debug-file - worker[10] has one work done.
[2025-01-06T14:13:06.044] [DEBUG] debug-file - CopyResources is end, endTime: 244825446126700
[2025-01-06T14:13:06.046] [DEBUG] debug-file - default@CompileArkTS work[36] done.
[2025-01-06T14:13:06.047] [DEBUG] debug-file - A work dispatched to worker[10] failed because unable to get work from ready queue.
[2025-01-06T14:13:09.450] [DEBUG] debug-file - worker[0] has one work done.
[2025-01-06T14:13:09.584] [DEBUG] debug-file - default@CompileArkTS work[35] done.
[2025-01-06T14:13:09.585] [DEBUG] debug-file - A work dispatched to worker[0] failed because unable to get work from ready queue.
[2025-01-06T14:13:09.588] [INFO] debug-file - Finished :phone:default@CompileArkTS... after 4 s 703 ms 
[2025-01-06T14:13:09.590] [DEBUG] debug-file - jsonObjWithoutParam {"@ohos/hamock":"1.0.0","@nutpi/color-parse":"1.0.0"} at undefined
[2025-01-06T14:13:09.590] [DEBUG] debug-file - jsonObjWithoutParam {"name":"phone","version":"1.0.0","description":"Please describe the basic information.","main":"","author":"","license":"","dependencies":{"@ohos/hamock":"1.0.0","@nutpi/color-parse":"1.0.0"}} at undefined
[2025-01-06T14:13:09.591] [DEBUG] debug-file - Executing task :phone:default@GeneratePkgModuleJson
[2025-01-06T14:13:09.594] [DEBUG] debug-file - phone:default@GeneratePkgModuleJson is not up-to-date, since the input file 'D:\EQ_Master\EQ_Master\products\phone\build\default\intermediates\res\default\module.json' has been changed.
[2025-01-06T14:13:09.594] [DEBUG] debug-file - Incremental task phone:default@GeneratePkgModuleJson pre-execution cost: 1 ms .
[2025-01-06T14:13:09.594] [DEBUG] debug-file - phone : default@GeneratePkgModuleJson cost memory 0.08306121826171875
[2025-01-06T14:13:09.594] [DEBUG] debug-file - runTaskFromQueue task cost before running: 6 s 303 ms 
[2025-01-06T14:13:09.595] [INFO] debug-file - Finished :phone:default@GeneratePkgModuleJson... after 4 ms 
[2025-01-06T14:13:09.598] [DEBUG] debug-file - jsonObjWithoutParam {"@ohos/hamock":"1.0.0","@nutpi/color-parse":"1.0.0"} at undefined
[2025-01-06T14:13:09.598] [DEBUG] debug-file - jsonObjWithoutParam {"name":"phone","version":"1.0.0","description":"Please describe the basic information.","main":"","author":"","license":"","dependencies":{"@ohos/hamock":"1.0.0","@nutpi/color-parse":"1.0.0"}} at undefined
[2025-01-06T14:13:09.605] [DEBUG] debug-file - Executing task :phone:default@PackageHap
[2025-01-06T14:13:09.609] [DEBUG] debug-file - phone:default@PackageHap is not up-to-date, since the input file 'D:\EQ_Master\EQ_Master\products\phone\build\default\intermediates\res\default\module.json' has been changed.
[2025-01-06T14:13:09.609] [DEBUG] debug-file - Incremental task phone:default@PackageHap pre-execution cost: 3 ms .
[2025-01-06T14:13:09.611] [DEBUG] debug-file - Use tool [D:\Harmony\DevEco\DevEco Studio\sdk\default\openharmony\toolchains\lib\app_packing_tool.jar]
 [
  'java',
  '-Dfile.encoding=GBK',
  '-jar',
  'D:\\Harmony\\DevEco\\DevEco Studio\\sdk\\default\\openharmony\\toolchains\\lib\\app_packing_tool.jar',
  '--mode',
  'hap',
  '--force',
  'true',
  '--lib-path',
  'D:\\EQ_Master\\EQ_Master\\products\\phone\\build\\default\\intermediates\\stripped_native_libs\\default',
  '--json-path',
  'D:\\EQ_Master\\EQ_Master\\products\\phone\\build\\default\\intermediates\\package\\default\\module.json',
  '--resources-path',
  'D:\\EQ_Master\\EQ_Master\\products\\phone\\build\\default\\intermediates\\res\\default\\resources',
  '--index-path',
  'D:\\EQ_Master\\EQ_Master\\products\\phone\\build\\default\\intermediates\\res\\default\\resources.index',
  '--pack-info-path',
  'D:\\EQ_Master\\EQ_Master\\products\\phone\\build\\default\\outputs\\default\\pack.info',
  '--out-path',
  'D:\\EQ_Master\\EQ_Master\\products\\phone\\build\\default\\outputs\\default\\phone-default-unsigned.hap',
  '--ets-path',
  'D:\\EQ_Master\\EQ_Master\\products\\phone\\build\\default\\intermediates\\loader_out\\default\\ets',
  '--pkg-context-path',
  'D:\\EQ_Master\\EQ_Master\\products\\phone\\build\\default\\intermediates\\loader\\default\\pkgContextInfo.json'
]
[2025-01-06T14:13:09.612] [DEBUG] debug-file - default@PackageHap work[37] is submitted.
[2025-01-06T14:13:09.613] [DEBUG] debug-file - default@PackageHap work[37] is pushed to ready queue.
[2025-01-06T14:13:09.613] [DEBUG] debug-file - A work dispatched to worker[11] failed because unable to get work from ready queue.
[2025-01-06T14:13:09.613] [DEBUG] debug-file - default@PackageHap work[37] has been dispatched to worker[10].
[2025-01-06T14:13:09.613] [DEBUG] debug-file - default@PackageHap work[37] is dispatched.
[2025-01-06T14:13:09.615] [DEBUG] debug-file - phone : default@PackageHap cost memory 0.6427688598632812
[2025-01-06T14:13:09.716] [DEBUG] debug-file - current process  memoryUsage: {
  rss: 648912896,
  heapTotal: 73687040,
  heapUsed: 51324704,
  external: 2628144,
  arrayBuffers: 575842
} os memoryUsage :13.763679504394531
[2025-01-06T14:13:11.698] [DEBUG] debug-file - worker[10] has one work done.
[2025-01-06T14:13:11.698] [DEBUG] debug-file - default@PackageHap work[37] done.
[2025-01-06T14:13:11.698] [DEBUG] debug-file - A work dispatched to worker[10] failed because unable to get work from ready queue.
[2025-01-06T14:13:11.699] [INFO] debug-file - Finished :phone:default@PackageHap... after 2 s 94 ms 
[2025-01-06T14:13:11.700] [DEBUG] debug-file - jsonObjWithoutParam {"@ohos/hamock":"1.0.0","@nutpi/color-parse":"1.0.0"} at undefined
[2025-01-06T14:13:11.701] [DEBUG] debug-file - jsonObjWithoutParam {"name":"phone","version":"1.0.0","description":"Please describe the basic information.","main":"","author":"","license":"","dependencies":{"@ohos/hamock":"1.0.0","@nutpi/color-parse":"1.0.0"}} at undefined
[2025-01-06T14:13:11.702] [DEBUG] debug-file - Executing task :phone:default@SignHap
[2025-01-06T14:13:11.703] [WARN] debug-file - Will skip sign 'hos_hap'. No signingConfigs profile is configured in current project.
             If needed, configure the signingConfigs in D:\EQ_Master\EQ_Master\build-profile.json5.
[2025-01-06T14:13:11.703] [DEBUG] debug-file - phone:default@SignHap is not up-to-date, since the input file 'D:\EQ_Master\EQ_Master\products\phone\build\default\outputs\default\phone-default-unsigned.hap' has been changed.
[2025-01-06T14:13:11.703] [DEBUG] debug-file - Incremental task phone:default@SignHap pre-execution cost: 1 ms .
[2025-01-06T14:13:11.703] [DEBUG] debug-file - phone : default@SignHap cost memory 0.11684417724609375
[2025-01-06T14:13:11.704] [DEBUG] debug-file - runTaskFromQueue task cost before running: 8 s 412 ms 
[2025-01-06T14:13:11.704] [INFO] debug-file - Finished :phone:default@SignHap... after 2 ms 
[2025-01-06T14:13:11.705] [DEBUG] debug-file - Executing task :phone:assembleHap
[2025-01-06T14:13:11.705] [DEBUG] debug-file - phone : assembleHap cost memory 0.0116119384765625
[2025-01-06T14:13:11.706] [DEBUG] debug-file - runTaskFromQueue task cost before running: 8 s 414 ms 
[2025-01-06T14:13:11.706] [INFO] debug-file - Finished :phone:assembleHap... after 1 ms 
[2025-01-06T14:13:11.720] [DEBUG] debug-file - BUILD SUCCESSFUL in 8 s 429 ms 
[2025-01-06T14:13:11.721] [DEBUG] debug-file - Update task phone:default@PreBuild input file:D:\EQ_Master\EQ_Master\AppScope\app.json5 cache by regenerate.
[2025-01-06T14:13:11.721] [DEBUG] debug-file - Update task phone:default@PreBuild input file:D:\EQ_Master\EQ_Master\products\phone\src\main\module.json5 cache by regenerate.
[2025-01-06T14:13:11.721] [DEBUG] debug-file - Update task phone:default@PreBuild input file:D:\EQ_Master\EQ_Master\build-profile.json5 cache by regenerate.
[2025-01-06T14:13:11.721] [DEBUG] debug-file - Update task phone:default@PreBuild input file:D:\EQ_Master\EQ_Master\products\phone\build-profile.json5 cache by regenerate.
[2025-01-06T14:13:11.722] [DEBUG] debug-file - Update task phone:default@PreBuild input file:D:\EQ_Master\EQ_Master\products\phone\src\main\resources\base\profile\main_pages.json cache from map.
[2025-01-06T14:13:11.722] [DEBUG] debug-file - Update task phone:default@PreBuild input file:D:\EQ_Master\EQ_Master\hvigor\hvigor-config.json5 cache by regenerate.
[2025-01-06T14:13:11.722] [DEBUG] debug-file - Update task phone:default@PreBuild input file:D:\EQ_Master\EQ_Master\products\phone\src\mock\mock-config.json5 cache by regenerate.
[2025-01-06T14:13:11.722] [DEBUG] debug-file - Update task phone:default@PreBuild input file:D:\EQ_Master\EQ_Master\products\phone\oh-package.json5 cache by regenerate.
[2025-01-06T14:13:11.722] [DEBUG] debug-file - Incremental task phone:default@PreBuild post-execution cost:2 ms .
[2025-01-06T14:13:11.722] [DEBUG] debug-file - There is no need to refresh cache, since the incremental task phone:default@GenerateMetadata is up-to-date.
[2025-01-06T14:13:11.722] [DEBUG] debug-file - Update task phone:default@MergeProfile input file:D:\EQ_Master\EQ_Master\AppScope\app.json5 cache by regenerate.
[2025-01-06T14:13:11.722] [DEBUG] debug-file - Update task phone:default@MergeProfile input file:D:\EQ_Master\EQ_Master\build-profile.json5 cache by regenerate.
[2025-01-06T14:13:11.723] [DEBUG] debug-file - Update task phone:default@MergeProfile input file:D:\EQ_Master\EQ_Master\products\phone\src\main\module.json5 cache by regenerate.
[2025-01-06T14:13:11.723] [DEBUG] debug-file - Update task phone:default@MergeProfile input file:D:\EQ_Master\EQ_Master\oh_modules\.ohpm\@ohos+hamock@1.0.0\oh_modules\@ohos\hamock\src\main\module.json cache by regenerate.
[2025-01-06T14:13:11.723] [DEBUG] debug-file - Update task phone:default@MergeProfile input file:D:\EQ_Master\EQ_Master\oh_modules\.ohpm\@nutpi+color-parse@1.0.0\oh_modules\@nutpi\color-parse\src\main\module.json cache by regenerate.
[2025-01-06T14:13:11.723] [DEBUG] debug-file - Update task phone:default@MergeProfile input file:D:\EQ_Master\EQ_Master\oh_modules\.ohpm\@nutpi+color-name@1.0.0\oh_modules\@nutpi\color-name\src\main\module.json cache by regenerate.
[2025-01-06T14:13:11.723] [DEBUG] debug-file - Update task phone:default@MergeProfile input file:D:\EQ_Master\EQ_Master\oh_modules\.ohpm\@ohos+lottie@2.0.15\oh_modules\@ohos\lottie\src\main\module.json cache by regenerate.
[2025-01-06T14:13:11.723] [DEBUG] debug-file - Update task phone:default@MergeProfile input file:D:\EQ_Master\EQ_Master\oh_modules\.ohpm\@ohos+pulltorefresh@2.1.1\oh_modules\@ohos\pulltorefresh\src\main\module.json cache by regenerate.
[2025-01-06T14:13:11.723] [DEBUG] debug-file - Update task phone:default@MergeProfile output file:D:\EQ_Master\EQ_Master\products\phone\build\default\intermediates\merge_profile\default\module.json cache.
[2025-01-06T14:13:11.723] [DEBUG] debug-file - Incremental task phone:default@MergeProfile post-execution cost:2 ms .
[2025-01-06T14:13:11.723] [DEBUG] debug-file - Update task phone:default@CreateBuildProfile input file:D:\EQ_Master\EQ_Master\AppScope\app.json5 cache by regenerate.
[2025-01-06T14:13:11.724] [DEBUG] debug-file - Update task phone:default@CreateBuildProfile input file:D:\EQ_Master\EQ_Master\build-profile.json5 cache by regenerate.
[2025-01-06T14:13:11.724] [DEBUG] debug-file - Update task phone:default@CreateBuildProfile output file:D:\EQ_Master\EQ_Master\products\phone\build\default\generated\profile\default\BuildProfile.ets cache.
[2025-01-06T14:13:11.724] [DEBUG] debug-file - Incremental task phone:default@CreateBuildProfile post-execution cost:1 ms .
[2025-01-06T14:13:11.724] [DEBUG] debug-file - Update task phone:default@GeneratePkgContextInfo output file:D:\EQ_Master\EQ_Master\products\phone\build\default\intermediates\loader\default\pkgContextInfo.json cache.
[2025-01-06T14:13:11.725] [DEBUG] debug-file - Incremental task phone:default@GeneratePkgContextInfo post-execution cost:1 ms .
[2025-01-06T14:13:11.725] [DEBUG] debug-file - Update task phone:default@ProcessIntegratedHsp output file:D:\EQ_Master\EQ_Master\build\cache\default\integrated_hsp\integratedHspCache.json cache.
[2025-01-06T14:13:11.725] [DEBUG] debug-file - Incremental task phone:default@ProcessIntegratedHsp post-execution cost:1 ms .
[2025-01-06T14:13:11.725] [DEBUG] debug-file - There is no need to refresh cache, since the incremental task phone:default@MakePackInfo is up-to-date.
[2025-01-06T14:13:11.725] [DEBUG] debug-file - Update task phone:default@ProcessProfile input file:D:\EQ_Master\EQ_Master\products\phone\build\default\intermediates\merge_profile\default\module.json cache from map.
[2025-01-06T14:13:11.725] [DEBUG] debug-file - Update task phone:default@ProcessProfile output file:D:\EQ_Master\EQ_Master\products\phone\build\default\intermediates\process_profile\default\module.json cache.
[2025-01-06T14:13:11.725] [DEBUG] debug-file - Incremental task phone:default@ProcessProfile post-execution cost:1 ms .
[2025-01-06T14:13:11.726] [DEBUG] debug-file - Update task phone:default@SyscapTransform input file:D:\Harmony\DevEco\DevEco Studio\sdk\default\openharmony\toolchains\syscap_tool.exe cache by regenerate.
[2025-01-06T14:13:11.726] [DEBUG] debug-file - Update task phone:default@SyscapTransform input file:D:\Harmony\DevEco\DevEco Studio\sdk\default\openharmony\ets\api\device-define cache by regenerate.
[2025-01-06T14:13:11.726] [DEBUG] debug-file - Update task phone:default@SyscapTransform output file:D:\EQ_Master\EQ_Master\products\phone\build\default\intermediates\syscap\default\rpcid.sc cache.
[2025-01-06T14:13:11.726] [DEBUG] debug-file - Incremental task phone:default@SyscapTransform post-execution cost:1 ms .
[2025-01-06T14:13:11.727] [DEBUG] debug-file - Update task phone:default@ProcessRouterMap input file:D:\EQ_Master\EQ_Master\products\phone\oh-package.json5 cache by regenerate.
[2025-01-06T14:13:11.727] [DEBUG] debug-file - Update task phone:default@ProcessRouterMap input file:D:\EQ_Master\EQ_Master\oh-package.json5 cache by regenerate.
[2025-01-06T14:13:11.727] [DEBUG] debug-file - Update task phone:default@ProcessRouterMap input file:D:\EQ_Master\EQ_Master\products\phone\src\main\module.json5 cache by regenerate.
[2025-01-06T14:13:11.727] [DEBUG] debug-file - Update task phone:default@ProcessRouterMap input file:D:\EQ_Master\EQ_Master\products\phone\build\default\intermediates\loader\default\pkgContextInfo.json cache from map.
[2025-01-06T14:13:11.727] [DEBUG] debug-file - Update task phone:default@ProcessRouterMap output file:D:\EQ_Master\EQ_Master\products\phone\build\default\intermediates\router_map\default\temp-router-map.json cache.
[2025-01-06T14:13:11.728] [DEBUG] debug-file - Update task phone:default@ProcessRouterMap output file:D:\EQ_Master\EQ_Master\products\phone\build\default\intermediates\router_map\default\loader-router-map.json cache.
[2025-01-06T14:13:11.728] [DEBUG] debug-file - Incremental task phone:default@ProcessRouterMap post-execution cost:2 ms .
[2025-01-06T14:13:11.728] [DEBUG] debug-file - There is no need to refresh cache, since the incremental task phone:default@ProcessResource is up-to-date.
[2025-01-06T14:13:11.730] [DEBUG] debug-file - Update task phone:default@GenerateLoaderJson input file:D:\EQ_Master\EQ_Master\products\phone\src\mock\mock-config.json5 cache by regenerate.
[2025-01-06T14:13:11.731] [DEBUG] debug-file - Update task phone:default@GenerateLoaderJson input file:D:\EQ_Master\EQ_Master\products\phone\build\default\intermediates\loader\default\pkgContextInfo.json cache from map.
[2025-01-06T14:13:11.731] [DEBUG] debug-file - Update task phone:default@GenerateLoaderJson input file:D:\EQ_Master\EQ_Master\products\phone\build\default\intermediates\router_map\default\temp-router-map.json cache by regenerate.
[2025-01-06T14:13:11.731] [DEBUG] debug-file - Update task phone:default@GenerateLoaderJson output file:D:\EQ_Master\EQ_Master\products\phone\build\default\intermediates\loader\default\loader.json cache.
[2025-01-06T14:13:11.731] [DEBUG] debug-file - Incremental task phone:default@GenerateLoaderJson post-execution cost:4 ms .
[2025-01-06T14:13:11.731] [DEBUG] debug-file - There is no need to refresh cache, since the incremental task phone:default@ProcessLibs is up-to-date.
[2025-01-06T14:13:11.731] [DEBUG] debug-file - Update task phone:default@CompileResource input file:D:\EQ_Master\EQ_Master\products\phone\src\main\resources cache from map.
[2025-01-06T14:13:11.732] [DEBUG] debug-file - Update task phone:default@CompileResource input file:D:\EQ_Master\EQ_Master\oh_modules\.ohpm\@nutpi+color-parse@1.0.0\oh_modules\@nutpi\color-parse\src\main\resources cache by regenerate.
[2025-01-06T14:13:11.732] [DEBUG] debug-file - Update task phone:default@CompileResource input file:D:\EQ_Master\EQ_Master\oh_modules\.ohpm\@nutpi+color-name@1.0.0\oh_modules\@nutpi\color-name\src\main\resources cache by regenerate.
[2025-01-06T14:13:11.733] [DEBUG] debug-file - Update task phone:default@CompileResource input file:D:\EQ_Master\EQ_Master\oh_modules\.ohpm\@ohos+pulltorefresh@2.1.1\oh_modules\@ohos\pulltorefresh\src\main\resources cache by regenerate.
[2025-01-06T14:13:11.735] [DEBUG] debug-file - Update task phone:default@CompileResource input file:D:\EQ_Master\EQ_Master\products\phone\build\default\intermediates\res\default\resource_str cache by regenerate.
[2025-01-06T14:13:11.736] [DEBUG] debug-file - Update task phone:default@CompileResource input file:D:\EQ_Master\EQ_Master\AppScope\resources cache by regenerate.
[2025-01-06T14:13:11.737] [DEBUG] debug-file - Update task phone:default@CompileResource input file:D:\EQ_Master\EQ_Master\products\phone\build\default\intermediates\process_profile\default\module.json cache by regenerate.
[2025-01-06T14:13:11.737] [DEBUG] debug-file - Update task phone:default@CompileResource input file:D:\EQ_Master\EQ_Master\products\phone\build\default\intermediates\res\default\resConfig.json cache by regenerate.
[2025-01-06T14:13:11.737] [DEBUG] debug-file - Update task phone:default@CompileResource output file:D:\EQ_Master\EQ_Master\products\phone\build\default\intermediates\res\default cache.
[2025-01-06T14:13:11.753] [DEBUG] debug-file - Update task phone:default@CompileResource output file:D:\EQ_Master\EQ_Master\products\phone\build\default\generated\r\default\ResourceTable.h cache.
[2025-01-06T14:13:11.753] [DEBUG] debug-file - Update task phone:default@CompileResource output file:D:\EQ_Master\EQ_Master\products\phone\build\default\generated\r\default cache.
[2025-01-06T14:13:11.753] [DEBUG] debug-file - Incremental task phone:default@CompileResource post-execution cost:23 ms .
[2025-01-06T14:13:11.753] [DEBUG] debug-file - There is no need to refresh cache, since the incremental task phone:default@DoNativeStrip is up-to-date.
[2025-01-06T14:13:11.755] [DEBUG] debug-file - Update task phone:default@CompileArkTS input file:D:\EQ_Master\EQ_Master\products\phone\build\default\intermediates\loader\default cache from map.
[2025-01-06T14:13:11.755] [DEBUG] debug-file - Update task phone:default@CompileArkTS input file:D:\EQ_Master\EQ_Master\oh_modules\.ohpm\@ohos+hamock@1.0.0\oh_modules\@ohos\hamock\index.ets cache by regenerate.
[2025-01-06T14:13:11.755] [DEBUG] debug-file - Update task phone:default@CompileArkTS input file:D:\EQ_Master\EQ_Master\oh_modules\.ohpm\@nutpi+color-parse@1.0.0\oh_modules\@nutpi\color-parse\Index.ts cache by regenerate.
[2025-01-06T14:13:11.755] [DEBUG] debug-file - Update task phone:default@CompileArkTS input file:D:\EQ_Master\EQ_Master\oh_modules\.ohpm\@nutpi+color-name@1.0.0\oh_modules\@nutpi\color-name\Index.ts cache by regenerate.
[2025-01-06T14:13:11.756] [DEBUG] debug-file - Update task phone:default@CompileArkTS input file:D:\EQ_Master\EQ_Master\oh_modules\.ohpm\@ohos+lottie@2.0.15\oh_modules\@ohos\lottie\src\main\js\modules\full.js cache by regenerate.
[2025-01-06T14:13:11.756] [DEBUG] debug-file - Update task phone:default@CompileArkTS input file:D:\EQ_Master\EQ_Master\oh_modules\.ohpm\@ohos+pulltorefresh@2.1.1\oh_modules\@ohos\pulltorefresh\index.ets cache by regenerate.
[2025-01-06T14:13:11.756] [DEBUG] debug-file - Update task phone:default@CompileArkTS input file:D:\EQ_Master\EQ_Master\oh_modules\.ohpm\@ohos+pulltorefresh@2.1.1\oh_modules\@ohos\pulltorefresh\src\main\ets cache by regenerate.
[2025-01-06T14:13:11.756] [DEBUG] debug-file - Update task phone:default@CompileArkTS input file:D:\EQ_Master\EQ_Master\products\phone\build\default\intermediates\res\default\resources\rawfile cache by regenerate.
[2025-01-06T14:13:11.757] [DEBUG] debug-file - Update task phone:default@CompileArkTS input file:D:\EQ_Master\EQ_Master\products\phone\build\default\intermediates\res\default\ResourceTable.txt cache by regenerate.
[2025-01-06T14:13:11.757] [DEBUG] debug-file - Update task phone:default@CompileArkTS input file:D:\EQ_Master\EQ_Master\products\phone\build\default\intermediates\res\default\module.json cache by regenerate.
[2025-01-06T14:13:11.757] [DEBUG] debug-file - Update task phone:default@CompileArkTS input file:D:\EQ_Master\EQ_Master\products\phone\build\default\intermediates\res\default\resources\base\profile cache by regenerate.
[2025-01-06T14:13:11.757] [DEBUG] debug-file - Update task phone:default@CompileArkTS input file:D:\EQ_Master\EQ_Master\products\phone\src\main\ets cache by regenerate.
[2025-01-06T14:13:11.765] [DEBUG] debug-file - Update task phone:default@CompileArkTS input file:D:\EQ_Master\EQ_Master\products\phone\build\default\intermediates\loader\default\pkgContextInfo.json cache by regenerate.
[2025-01-06T14:13:11.765] [DEBUG] debug-file - Update task phone:default@CompileArkTS input file:D:\EQ_Master\EQ_Master\products\phone\build\default\generated\profile\default\BuildProfile.ets cache by regenerate.
[2025-01-06T14:13:11.765] [DEBUG] debug-file - Update task phone:default@CompileArkTS input file:D:\EQ_Master\EQ_Master\products\phone\src\mock\mock-config.json5 cache by regenerate.
[2025-01-06T14:13:11.765] [DEBUG] debug-file - Update task phone:default@CompileArkTS output file:D:\EQ_Master\EQ_Master\products\phone\build\default\intermediates\loader_out\default\ets cache.
[2025-01-06T14:13:11.766] [DEBUG] debug-file - Incremental task phone:default@CompileArkTS post-execution cost:14 ms .
[2025-01-06T14:13:11.768] [DEBUG] debug-file - Update task phone:default@BuildJS input file:D:\EQ_Master\EQ_Master\products\phone\build\default\intermediates\loader\default cache by regenerate.
[2025-01-06T14:13:11.768] [DEBUG] debug-file - Update task phone:default@BuildJS input file:D:\EQ_Master\EQ_Master\oh_modules\.ohpm\@ohos+hamock@1.0.0\oh_modules\@ohos\hamock\index.ets cache by regenerate.
[2025-01-06T14:13:11.768] [DEBUG] debug-file - Update task phone:default@BuildJS input file:D:\EQ_Master\EQ_Master\oh_modules\.ohpm\@nutpi+color-parse@1.0.0\oh_modules\@nutpi\color-parse\Index.ts cache by regenerate.
[2025-01-06T14:13:11.768] [DEBUG] debug-file - Update task phone:default@BuildJS input file:D:\EQ_Master\EQ_Master\oh_modules\.ohpm\@nutpi+color-name@1.0.0\oh_modules\@nutpi\color-name\Index.ts cache by regenerate.
[2025-01-06T14:13:11.768] [DEBUG] debug-file - Update task phone:default@BuildJS input file:D:\EQ_Master\EQ_Master\oh_modules\.ohpm\@ohos+lottie@2.0.15\oh_modules\@ohos\lottie\src\main\js\modules\full.js cache by regenerate.
[2025-01-06T14:13:11.768] [DEBUG] debug-file - Update task phone:default@BuildJS input file:D:\EQ_Master\EQ_Master\oh_modules\.ohpm\@ohos+pulltorefresh@2.1.1\oh_modules\@ohos\pulltorefresh\index.ets cache by regenerate.
[2025-01-06T14:13:11.769] [DEBUG] debug-file - Update task phone:default@BuildJS input file:D:\EQ_Master\EQ_Master\oh_modules\.ohpm\@ohos+lottie@2.0.15\oh_modules\@ohos\lottie\src\main\js cache by regenerate.
[2025-01-06T14:13:11.780] [DEBUG] debug-file - Update task phone:default@BuildJS input file:D:\EQ_Master\EQ_Master\products\phone\build\default\intermediates\res\default\resources\rawfile cache by regenerate.
[2025-01-06T14:13:11.781] [DEBUG] debug-file - Update task phone:default@BuildJS input file:D:\EQ_Master\EQ_Master\products\phone\build\default\intermediates\res\default\ResourceTable.txt cache by regenerate.
[2025-01-06T14:13:11.781] [DEBUG] debug-file - Update task phone:default@BuildJS input file:D:\EQ_Master\EQ_Master\products\phone\build\default\intermediates\res\default\module.json cache by regenerate.
[2025-01-06T14:13:11.781] [DEBUG] debug-file - Update task phone:default@BuildJS input file:D:\EQ_Master\EQ_Master\products\phone\build\default\intermediates\res\default\resources\base\profile cache by regenerate.
[2025-01-06T14:13:11.781] [DEBUG] debug-file - Update task phone:default@BuildJS input file:D:\EQ_Master\EQ_Master\products\phone\build\default\intermediates\loader\default\pkgContextInfo.json cache by regenerate.
[2025-01-06T14:13:11.781] [DEBUG] debug-file - Update task phone:default@BuildJS output file:D:\EQ_Master\EQ_Master\products\phone\build\default\intermediates\loader_out\default\js cache.
[2025-01-06T14:13:11.782] [DEBUG] debug-file - Incremental task phone:default@BuildJS post-execution cost:16 ms .
[2025-01-06T14:13:11.782] [DEBUG] debug-file - There is no need to refresh cache, since the incremental task phone:default@CacheNativeLibs is up-to-date.
[2025-01-06T14:13:11.782] [DEBUG] debug-file - Update task phone:default@GeneratePkgModuleJson input file:D:\EQ_Master\EQ_Master\products\phone\build\default\intermediates\res\default\module.json cache from map.
[2025-01-06T14:13:11.782] [DEBUG] debug-file - Update task phone:default@GeneratePkgModuleJson output file:D:\EQ_Master\EQ_Master\products\phone\build\default\intermediates\package\default\module.json cache.
[2025-01-06T14:13:11.782] [DEBUG] debug-file - Incremental task phone:default@GeneratePkgModuleJson post-execution cost:1 ms .
[2025-01-06T14:13:11.783] [DEBUG] debug-file - Update task phone:default@PackageHap input file:D:\EQ_Master\EQ_Master\products\phone\build\default\intermediates\stripped_native_libs\default cache by regenerate.
[2025-01-06T14:13:11.783] [DEBUG] debug-file - Update task phone:default@PackageHap input file:D:\EQ_Master\EQ_Master\products\phone\build\default\intermediates\res\default\module.json cache from map.
[2025-01-06T14:13:11.783] [DEBUG] debug-file - Update task phone:default@PackageHap input file:D:\EQ_Master\EQ_Master\products\phone\build\default\intermediates\res\default\resources cache by regenerate.
[2025-01-06T14:13:11.797] [DEBUG] debug-file - Update task phone:default@PackageHap input file:D:\EQ_Master\EQ_Master\products\phone\build\default\intermediates\res\default\resources.index cache by regenerate.
[2025-01-06T14:13:11.797] [DEBUG] debug-file - Update task phone:default@PackageHap input file:D:\EQ_Master\EQ_Master\products\phone\build\default\outputs\default\pack.info cache by regenerate.
[2025-01-06T14:13:11.797] [DEBUG] debug-file - Update task phone:default@PackageHap input file:D:\EQ_Master\EQ_Master\products\phone\build\default\intermediates\loader_out\default\ets cache by regenerate.
[2025-01-06T14:13:11.798] [DEBUG] debug-file - Update task phone:default@PackageHap input file:D:\EQ_Master\EQ_Master\products\phone\build\default\intermediates\loader\default\pkgContextInfo.json cache by regenerate.
[2025-01-06T14:13:11.798] [DEBUG] debug-file - Update task phone:default@PackageHap input file:D:\EQ_Master\EQ_Master\products\phone\build\default\generated\profile\default\BuildProfile.ets cache by regenerate.
[2025-01-06T14:13:11.799] [DEBUG] debug-file - Update task phone:default@PackageHap output file:D:\EQ_Master\EQ_Master\products\phone\build\default\outputs\default\phone-default-unsigned.hap cache.
[2025-01-06T14:13:11.799] [DEBUG] debug-file - Update task phone:default@PackageHap output file:D:\EQ_Master\EQ_Master\products\phone\build\default\outputs\default\mapping\sourceMaps.map cache.
[2025-01-06T14:13:11.800] [DEBUG] debug-file - Incremental task phone:default@PackageHap post-execution cost:18 ms .
[2025-01-06T14:13:11.800] [DEBUG] debug-file - Update task phone:default@SignHap input file:D:\EQ_Master\EQ_Master\products\phone\build\default\outputs\default\phone-default-unsigned.hap cache from map.
[2025-01-06T14:13:11.800] [DEBUG] debug-file - Update task phone:default@SignHap output file:D:\EQ_Master\EQ_Master\products\phone\build\default\outputs\default\phone-default-signed.hap cache.
[2025-01-06T14:13:11.800] [DEBUG] debug-file - Incremental task phone:default@SignHap post-execution cost:1 ms .
[2025-01-06T14:13:11.833] [DEBUG] debug-file - Cleanup worker 10.
[2025-01-06T14:13:11.833] [DEBUG] debug-file - Worker 10 has been cleaned up.
[2025-01-06T14:13:11.833] [DEBUG] debug-file - Current idle worker size: 1.
[2025-01-06T14:13:11.833] [DEBUG] debug-file - Current resident worker size: 2.
[2025-01-06T14:13:11.834] [DEBUG] debug-file - hvigor build process will be closed.
[2025-01-06T14:13:11.841] [DEBUG] debug-file - session manager: send message to worker process.
[2025-01-06T14:13:11.842] [DEBUG] debug-file - session manager: send message to worker process.
[2025-01-06T14:13:11.842] [DEBUG] debug-file - watch worker: worker id should be larger than 0. Nothing will be sent to any worker thread.
[2025-01-06T14:13:11.843] [DEBUG] debug-file - worker[10] exits with exit code 1.
[2025-01-06T14:13:11.843] [DEBUG] debug-file - watch worker: worker id should be larger than 0. Nothing will be sent to any worker thread.
